
*** Running vivado
    with args -log cpu.vds -m64 -product Vivado -mode batch -messageDb vivado.pb -notrace -source cpu.tcl


****** Vivado v2018.2 (64-bit)
  **** SW Build 2258646 on Thu Jun 14 20:03:12 MDT 2018
  **** IP Build 2256618 on Thu Jun 14 22:10:49 MDT 2018
    ** Copyright 1986-2018 Xilinx, Inc. All Rights Reserved.

source cpu.tcl -notrace
Command: synth_design -top cpu -part xc7z020clg400-1
Starting synth_design
Attempting to get a license for feature 'Synthesis' and/or device 'xc7z020'
INFO: [Common 17-349] Got license for feature 'Synthesis' and/or device 'xc7z020'
INFO: Launching helper process for spawning children vivado processes
INFO: Helper process launched with PID 12424 
WARNING: [Synth 8-2292] literal value truncated to fit in 2 bits [C:/Users/NAM/RISC/RISC.srcs/sources_1/new/controller.v:23]
---------------------------------------------------------------------------------
Starting RTL Elaboration : Time (s): cpu = 00:00:00 ; elapsed = 00:00:01 . Memory (MB): peak = 350.309 ; gain = 112.125
---------------------------------------------------------------------------------
INFO: [Synth 8-6157] synthesizing module 'cpu' [C:/Users/NAM/RISC/RISC.srcs/sources_1/new/cpu.v:23]
INFO: [Synth 8-6157] synthesizing module 'counterNbits' [C:/Users/NAM/RISC/RISC.srcs/sources_1/new/counterNbits.v:8]
	Parameter N bound to: 5 - type: integer 
WARNING: [Synth 8-567] referenced signal 'preset' should be on the sensitivity list [C:/Users/NAM/RISC/RISC.srcs/sources_1/new/counterNbits.v:20]
INFO: [Synth 8-6155] done synthesizing module 'counterNbits' (1#1) [C:/Users/NAM/RISC/RISC.srcs/sources_1/new/counterNbits.v:8]
INFO: [Synth 8-6157] synthesizing module 'registerNbits_neg' [C:/Users/NAM/RISC/RISC.srcs/sources_1/new/registerNbits_neg.v:24]
	Parameter N bound to: 5 - type: integer 
INFO: [Synth 8-6155] done synthesizing module 'registerNbits_neg' (2#1) [C:/Users/NAM/RISC/RISC.srcs/sources_1/new/registerNbits_neg.v:24]
INFO: [Synth 8-6157] synthesizing module 'muxNbits' [C:/Users/NAM/RISC/RISC.srcs/sources_1/new/muxNbits.v:4]
	Parameter N bound to: 5 - type: integer 
INFO: [Synth 8-6155] done synthesizing module 'muxNbits' (3#1) [C:/Users/NAM/RISC/RISC.srcs/sources_1/new/muxNbits.v:4]
INFO: [Synth 8-6157] synthesizing module 'memory32x8_bi' [C:/Users/NAM/RISC/RISC.srcs/sources_1/new/memory32x8_bi.v:7]
INFO: [Synth 8-6155] done synthesizing module 'memory32x8_bi' (4#1) [C:/Users/NAM/RISC/RISC.srcs/sources_1/new/memory32x8_bi.v:7]
INFO: [Synth 8-6157] synthesizing module 'ALU' [C:/Users/NAM/RISC/RISC.srcs/sources_1/new/ALU.v:15]
	Parameter HLT bound to: 3'b000 
	Parameter SKZ bound to: 3'b001 
	Parameter ADD bound to: 3'b010 
	Parameter AND_OP bound to: 3'b011 
	Parameter XOR_OP bound to: 3'b100 
	Parameter LDA bound to: 3'b101 
	Parameter STO bound to: 3'b110 
	Parameter JMP bound to: 3'b111 
INFO: [Synth 8-226] default block is never used [C:/Users/NAM/RISC/RISC.srcs/sources_1/new/ALU.v:34]
INFO: [Synth 8-6155] done synthesizing module 'ALU' (5#1) [C:/Users/NAM/RISC/RISC.srcs/sources_1/new/ALU.v:15]
WARNING: [Synth 8-689] width (5) of port connection 'inB' does not match port width (8) of module 'ALU' [C:/Users/NAM/RISC/RISC.srcs/sources_1/new/cpu.v:80]
WARNING: [Synth 8-689] width (2) of port connection 'opcode' does not match port width (3) of module 'ALU' [C:/Users/NAM/RISC/RISC.srcs/sources_1/new/cpu.v:81]
INFO: [Synth 8-6157] synthesizing module 'registerNbits_neg__parameterized0' [C:/Users/NAM/RISC/RISC.srcs/sources_1/new/registerNbits_neg.v:24]
	Parameter N bound to: 8 - type: integer 
INFO: [Synth 8-6155] done synthesizing module 'registerNbits_neg__parameterized0' (5#1) [C:/Users/NAM/RISC/RISC.srcs/sources_1/new/registerNbits_neg.v:24]
WARNING: [Synth 8-689] width (5) of port connection 'out' does not match port width (8) of module 'registerNbits_neg__parameterized0' [C:/Users/NAM/RISC/RISC.srcs/sources_1/new/cpu.v:85]
INFO: [Synth 8-6157] synthesizing module 'muxNbits__parameterized0' [C:/Users/NAM/RISC/RISC.srcs/sources_1/new/muxNbits.v:4]
	Parameter N bound to: 8 - type: integer 
INFO: [Synth 8-6155] done synthesizing module 'muxNbits__parameterized0' (5#1) [C:/Users/NAM/RISC/RISC.srcs/sources_1/new/muxNbits.v:4]
WARNING: [Synth 8-689] width (5) of port connection 'in_0' does not match port width (8) of module 'muxNbits__parameterized0' [C:/Users/NAM/RISC/RISC.srcs/sources_1/new/cpu.v:94]
INFO: [Synth 8-6157] synthesizing module 'registerNbits' [C:/Users/NAM/RISC/RISC.srcs/sources_1/new/registerNbits.v:6]
	Parameter N bound to: 8 - type: integer 
INFO: [Synth 8-6155] done synthesizing module 'registerNbits' (6#1) [C:/Users/NAM/RISC/RISC.srcs/sources_1/new/registerNbits.v:6]
WARNING: [Synth 8-689] width (5) of port connection 'out' does not match port width (8) of module 'registerNbits' [C:/Users/NAM/RISC/RISC.srcs/sources_1/new/cpu.v:100]
INFO: [Synth 8-6157] synthesizing module 'bufferNbits' [C:/Users/NAM/RISC/RISC.srcs/sources_1/new/bufferNbits.v:5]
	Parameter N bound to: 8 - type: integer 
INFO: [Synth 8-6155] done synthesizing module 'bufferNbits' (7#1) [C:/Users/NAM/RISC/RISC.srcs/sources_1/new/bufferNbits.v:5]
WARNING: [Synth 8-689] width (5) of port connection 'in' does not match port width (8) of module 'bufferNbits' [C:/Users/NAM/RISC/RISC.srcs/sources_1/new/cpu.v:110]
INFO: [Synth 8-6157] synthesizing module 'registerNbits_neg__parameterized1' [C:/Users/NAM/RISC/RISC.srcs/sources_1/new/registerNbits_neg.v:24]
	Parameter N bound to: 6 - type: integer 
INFO: [Synth 8-6155] done synthesizing module 'registerNbits_neg__parameterized1' (7#1) [C:/Users/NAM/RISC/RISC.srcs/sources_1/new/registerNbits_neg.v:24]
WARNING: [Synth 8-689] width (2) of port connection 'out' does not match port width (6) of module 'registerNbits_neg__parameterized1' [C:/Users/NAM/RISC/RISC.srcs/sources_1/new/cpu.v:130]
WARNING: [Synth 8-689] width (2) of port connection 'in' does not match port width (6) of module 'registerNbits_neg__parameterized1' [C:/Users/NAM/RISC/RISC.srcs/sources_1/new/cpu.v:134]
INFO: [Synth 8-6157] synthesizing module 'Controller' [C:/Users/NAM/RISC/RISC.srcs/sources_1/new/controller.v:1]
	Parameter ADD bound to: 2'b11 
	Parameter AND bound to: 2'b10 
	Parameter XOR bound to: 2'b00 
INFO: [Synth 8-226] default block is never used [C:/Users/NAM/RISC/RISC.srcs/sources_1/new/controller.v:50]
INFO: [Synth 8-6155] done synthesizing module 'Controller' (8#1) [C:/Users/NAM/RISC/RISC.srcs/sources_1/new/controller.v:1]
WARNING: [Synth 8-689] width (2) of port connection 'alu_op' does not match port width (3) of module 'Controller' [C:/Users/NAM/RISC/RISC.srcs/sources_1/new/cpu.v:139]
WARNING: [Synth 8-350] instance 'CONTROLLER' of module 'Controller' requires 14 connections, but only 12 given [C:/Users/NAM/RISC/RISC.srcs/sources_1/new/cpu.v:137]
WARNING: [Synth 8-3848] Net reset in module/entity cpu does not have driver. [C:/Users/NAM/RISC/RISC.srcs/sources_1/new/cpu.v:48]
INFO: [Synth 8-6155] done synthesizing module 'cpu' (9#1) [C:/Users/NAM/RISC/RISC.srcs/sources_1/new/cpu.v:23]
---------------------------------------------------------------------------------
Finished RTL Elaboration : Time (s): cpu = 00:00:00 ; elapsed = 00:00:02 . Memory (MB): peak = 383.336 ; gain = 145.152
---------------------------------------------------------------------------------

Report Check Netlist: 
+------+------------------+-------+---------+-------+------------------+
|      |Item              |Errors |Warnings |Status |Description       |
+------+------------------+-------+---------+-------+------------------+
|1     |multi_driven_nets |      0|        0|Passed |Multi driven nets |
+------+------------------+-------+---------+-------+------------------+
WARNING: [Synth 8-3295] tying undriven pin COUNTER:rst to constant 0 [C:/Users/NAM/RISC/RISC.srcs/sources_1/new/cpu.v:45]
WARNING: [Synth 8-3295] tying undriven pin REG_PC:rst to constant 0 [C:/Users/NAM/RISC/RISC.srcs/sources_1/new/cpu.v:53]
WARNING: [Synth 8-3295] tying undriven pin REG_RESULT:rst to constant 0 [C:/Users/NAM/RISC/RISC.srcs/sources_1/new/cpu.v:84]
WARNING: [Synth 8-3295] tying undriven pin REG_ACC:rst to constant 0 [C:/Users/NAM/RISC/RISC.srcs/sources_1/new/cpu.v:99]
WARNING: [Synth 8-3295] tying undriven pin REG_INS:rst to constant 0 [C:/Users/NAM/RISC/RISC.srcs/sources_1/new/cpu.v:113]
WARNING: [Synth 8-3295] tying undriven pin REG_CONTROL_EX:rst to constant 0 [C:/Users/NAM/RISC/RISC.srcs/sources_1/new/cpu.v:121]
WARNING: [Synth 8-3295] tying undriven pin REG_CONTROL_WB:rst to constant 0 [C:/Users/NAM/RISC/RISC.srcs/sources_1/new/cpu.v:129]
WARNING: [Synth 8-3295] tying undriven pin CONTROLLER:rst to constant 0 [C:/Users/NAM/RISC/RISC.srcs/sources_1/new/cpu.v:137]
---------------------------------------------------------------------------------
Start Handling Custom Attributes
---------------------------------------------------------------------------------
---------------------------------------------------------------------------------
Finished Handling Custom Attributes : Time (s): cpu = 00:00:00 ; elapsed = 00:00:02 . Memory (MB): peak = 383.336 ; gain = 145.152
---------------------------------------------------------------------------------
---------------------------------------------------------------------------------
Finished RTL Optimization Phase 1 : Time (s): cpu = 00:00:00 ; elapsed = 00:00:02 . Memory (MB): peak = 383.336 ; gain = 145.152
---------------------------------------------------------------------------------
INFO: [Device 21-403] Loading part xc7z020clg400-1
INFO: [Project 1-570] Preparing netlist for logic optimization

Processing XDC Constraints
Initializing timing engine
Parsing XDC File [C:/Users/NAM/RISC/xdc_files/Arty-Z7-20-Master.xdc]
Finished Parsing XDC File [C:/Users/NAM/RISC/xdc_files/Arty-Z7-20-Master.xdc]
Completed Processing XDC Constraints

INFO: [Project 1-111] Unisim Transformation Summary:
No Unisim elements were transformed.

WARNING: [Constraints 18-5210] No constraint will be written out.
Constraint Validation Runtime : Time (s): cpu = 00:00:00 ; elapsed = 00:00:00.023 . Memory (MB): peak = 739.508 ; gain = 1.281
---------------------------------------------------------------------------------
Finished Constraint Validation : Time (s): cpu = 00:00:03 ; elapsed = 00:00:09 . Memory (MB): peak = 739.508 ; gain = 501.324
---------------------------------------------------------------------------------
---------------------------------------------------------------------------------
Start Loading Part and Timing Information
---------------------------------------------------------------------------------
Loading part: xc7z020clg400-1
---------------------------------------------------------------------------------
Finished Loading Part and Timing Information : Time (s): cpu = 00:00:03 ; elapsed = 00:00:09 . Memory (MB): peak = 739.508 ; gain = 501.324
---------------------------------------------------------------------------------
---------------------------------------------------------------------------------
Start Applying 'set_property' XDC Constraints
---------------------------------------------------------------------------------
---------------------------------------------------------------------------------
Finished applying 'set_property' XDC Constraints : Time (s): cpu = 00:00:03 ; elapsed = 00:00:09 . Memory (MB): peak = 739.508 ; gain = 501.324
---------------------------------------------------------------------------------
INFO: [Synth 8-5546] ROM "is_zero0" won't be mapped to RAM because it is too sparse
INFO: [Synth 8-4471] merging register 'enable_mem_reg' into 'addr_mux_reg' [C:/Users/NAM/RISC/RISC.srcs/sources_1/new/controller.v:30]
WARNING: [Synth 8-6014] Unused sequential element enable_mem_reg was removed.  [C:/Users/NAM/RISC/RISC.srcs/sources_1/new/controller.v:30]
WARNING: [Synth 8-327] inferring latch for variable 'out_reg' [C:/Users/NAM/RISC/RISC.srcs/sources_1/new/counterNbits.v:22]
WARNING: [Synth 8-327] inferring latch for variable 'result_reg' [C:/Users/NAM/RISC/RISC.srcs/sources_1/new/ALU.v:37]
---------------------------------------------------------------------------------
Finished RTL Optimization Phase 2 : Time (s): cpu = 00:00:03 ; elapsed = 00:00:09 . Memory (MB): peak = 739.508 ; gain = 501.324
---------------------------------------------------------------------------------

Report RTL Partitions: 
+-+--------------+------------+----------+
| |RTL Partition |Replication |Instances |
+-+--------------+------------+----------+
+-+--------------+------------+----------+
---------------------------------------------------------------------------------
Start RTL Component Statistics 
---------------------------------------------------------------------------------
Detailed RTL Component Info : 
+---Adders : 
	   2 Input      8 Bit       Adders := 1     
	   2 Input      5 Bit       Adders := 1     
+---XORs : 
	   2 Input      8 Bit         XORs := 1     
+---Registers : 
	                8 Bit    Registers := 4     
	                6 Bit    Registers := 2     
	                5 Bit    Registers := 1     
	                3 Bit    Registers := 1     
	                1 Bit    Registers := 6     
+---RAMs : 
	              256 Bit         RAMs := 1     
+---Muxes : 
	   2 Input      8 Bit        Muxes := 1     
	   2 Input      5 Bit        Muxes := 1     
	   9 Input      2 Bit        Muxes := 1     
	   2 Input      1 Bit        Muxes := 1     
	   8 Input      1 Bit        Muxes := 8     
---------------------------------------------------------------------------------
Finished RTL Component Statistics 
---------------------------------------------------------------------------------
---------------------------------------------------------------------------------
Start RTL Hierarchical Component Statistics 
---------------------------------------------------------------------------------
Hierarchical RTL Component report 
Module counterNbits 
Detailed RTL Component Info : 
+---Adders : 
	   2 Input      5 Bit       Adders := 1     
Module registerNbits_neg 
Detailed RTL Component Info : 
+---Registers : 
	                5 Bit    Registers := 1     
Module muxNbits 
Detailed RTL Component Info : 
+---Muxes : 
	   2 Input      5 Bit        Muxes := 1     
Module memory32x8_bi 
Detailed RTL Component Info : 
+---Registers : 
	                8 Bit    Registers := 1     
+---RAMs : 
	              256 Bit         RAMs := 1     
Module ALU 
Detailed RTL Component Info : 
+---Adders : 
	   2 Input      8 Bit       Adders := 1     
+---XORs : 
	   2 Input      8 Bit         XORs := 1     
+---Muxes : 
	   2 Input      1 Bit        Muxes := 1     
	   8 Input      1 Bit        Muxes := 1     
Module registerNbits_neg__parameterized0 
Detailed RTL Component Info : 
+---Registers : 
	                8 Bit    Registers := 1     
Module muxNbits__parameterized0 
Detailed RTL Component Info : 
+---Muxes : 
	   2 Input      8 Bit        Muxes := 1     
Module registerNbits 
Detailed RTL Component Info : 
+---Registers : 
	                8 Bit    Registers := 1     
Module registerNbits_neg__parameterized1 
Detailed RTL Component Info : 
+---Registers : 
	                6 Bit    Registers := 1     
Module Controller 
Detailed RTL Component Info : 
+---Registers : 
	                3 Bit    Registers := 1     
	                1 Bit    Registers := 6     
+---Muxes : 
	   9 Input      2 Bit        Muxes := 1     
	   8 Input      1 Bit        Muxes := 7     
---------------------------------------------------------------------------------
Finished RTL Hierarchical Component Statistics
---------------------------------------------------------------------------------
---------------------------------------------------------------------------------
Start Part Resource Summary
---------------------------------------------------------------------------------
Part Resources:
DSPs: 220 (col length:60)
BRAMs: 280 (col length: RAMB18 60 RAMB36 30)
---------------------------------------------------------------------------------
Finished Part Resource Summary
---------------------------------------------------------------------------------
---------------------------------------------------------------------------------
Start Cross Boundary and Area Optimization
---------------------------------------------------------------------------------
Warning: Parallel synthesis criteria is not met 
WARNING: [Synth 8-6014] Unused sequential element REG_CONTROL_EX/out_reg was removed.  [C:/Users/NAM/RISC/RISC.srcs/sources_1/new/registerNbits_neg.v:35]
WARNING: [Synth 8-6014] Unused sequential element REG_CONTROL_WB/out_reg was removed.  [C:/Users/NAM/RISC/RISC.srcs/sources_1/new/registerNbits_neg.v:35]
WARNING: [Synth 8-6014] Unused sequential element CONTROLLER/stop_reg was removed.  [C:/Users/NAM/RISC/RISC.srcs/sources_1/new/controller.v:27]
INFO: [Synth 8-5546] ROM "ALU1/is_zero0" won't be mapped to RAM because it is too sparse
WARNING: [Synth 8-3332] Sequential element (COUNTER/out_reg[4]) is unused and will be removed from module cpu.
WARNING: [Synth 8-3332] Sequential element (COUNTER/out_reg[3]) is unused and will be removed from module cpu.
WARNING: [Synth 8-3332] Sequential element (COUNTER/out_reg[2]) is unused and will be removed from module cpu.
WARNING: [Synth 8-3332] Sequential element (COUNTER/out_reg[1]) is unused and will be removed from module cpu.
WARNING: [Synth 8-3332] Sequential element (COUNTER/out_reg[0]) is unused and will be removed from module cpu.
WARNING: [Synth 8-3332] Sequential element (COUNTER/out_reg[4]__0) is unused and will be removed from module cpu.
WARNING: [Synth 8-3332] Sequential element (COUNTER/out_reg[3]__0) is unused and will be removed from module cpu.
WARNING: [Synth 8-3332] Sequential element (COUNTER/out_reg[2]__0) is unused and will be removed from module cpu.
WARNING: [Synth 8-3332] Sequential element (COUNTER/out_reg[1]__0) is unused and will be removed from module cpu.
WARNING: [Synth 8-3332] Sequential element (COUNTER/out_reg[0]__0) is unused and will be removed from module cpu.
WARNING: [Synth 8-3332] Sequential element (ALU1/result_reg[7]) is unused and will be removed from module cpu.
WARNING: [Synth 8-3332] Sequential element (ALU1/result_reg[6]) is unused and will be removed from module cpu.
WARNING: [Synth 8-3332] Sequential element (ALU1/result_reg[5]) is unused and will be removed from module cpu.
WARNING: [Synth 8-3332] Sequential element (ALU1/result_reg[4]) is unused and will be removed from module cpu.
WARNING: [Synth 8-3332] Sequential element (ALU1/result_reg[3]) is unused and will be removed from module cpu.
WARNING: [Synth 8-3332] Sequential element (ALU1/result_reg[2]) is unused and will be removed from module cpu.
WARNING: [Synth 8-3332] Sequential element (ALU1/result_reg[1]) is unused and will be removed from module cpu.
WARNING: [Synth 8-3332] Sequential element (ALU1/result_reg[0]) is unused and will be removed from module cpu.
WARNING: [Synth 8-3332] Sequential element (CONTROLLER/skip_reg) is unused and will be removed from module cpu.
WARNING: [Synth 8-3332] Sequential element (CONTROLLER/skip_reg__0) is unused and will be removed from module cpu.
WARNING: [Synth 8-3332] Sequential element (CONTROLLER/check_zero_reg) is unused and will be removed from module cpu.
WARNING: [Synth 8-3332] Sequential element (CONTROLLER/check_zero_reg__0) is unused and will be removed from module cpu.
WARNING: [Synth 8-3332] Sequential element (REG_PC/out_reg[4]) is unused and will be removed from module cpu.
WARNING: [Synth 8-3332] Sequential element (REG_PC/out_reg[3]) is unused and will be removed from module cpu.
WARNING: [Synth 8-3332] Sequential element (REG_PC/out_reg[2]) is unused and will be removed from module cpu.
WARNING: [Synth 8-3332] Sequential element (REG_PC/out_reg[1]) is unused and will be removed from module cpu.
WARNING: [Synth 8-3332] Sequential element (REG_PC/out_reg[0]) is unused and will be removed from module cpu.
WARNING: [Synth 8-3332] Sequential element (CONTROLLER/addr_mux_reg) is unused and will be removed from module cpu.
WARNING: [Synth 8-3332] Sequential element (CONTROLLER/rw_mem_reg) is unused and will be removed from module cpu.
WARNING: [Synth 8-3332] Sequential element (MEM/data_out_reg[7]) is unused and will be removed from module cpu.
WARNING: [Synth 8-3332] Sequential element (MEM/data_out_reg[6]) is unused and will be removed from module cpu.
WARNING: [Synth 8-3332] Sequential element (MEM/data_out_reg[5]) is unused and will be removed from module cpu.
WARNING: [Synth 8-3332] Sequential element (MEM/data_out_reg[4]) is unused and will be removed from module cpu.
WARNING: [Synth 8-3332] Sequential element (MEM/data_out_reg[3]) is unused and will be removed from module cpu.
WARNING: [Synth 8-3332] Sequential element (MEM/data_out_reg[2]) is unused and will be removed from module cpu.
WARNING: [Synth 8-3332] Sequential element (MEM/data_out_reg[1]) is unused and will be removed from module cpu.
WARNING: [Synth 8-3332] Sequential element (MEM/data_out_reg[0]) is unused and will be removed from module cpu.
WARNING: [Synth 8-3332] Sequential element (CONTROLLER/alu_op_reg[2]) is unused and will be removed from module cpu.
WARNING: [Synth 8-3332] Sequential element (CONTROLLER/alu_op_reg[1]) is unused and will be removed from module cpu.
WARNING: [Synth 8-3332] Sequential element (CONTROLLER/alu_op_reg[0]) is unused and will be removed from module cpu.
WARNING: [Synth 8-3332] Sequential element (CONTROLLER/ar_load_reg) is unused and will be removed from module cpu.
WARNING: [Synth 8-3332] Sequential element (CONTROLLER/ar_mux_reg) is unused and will be removed from module cpu.
WARNING: [Synth 8-3332] Sequential element (REG_RESULT/out_reg[7]) is unused and will be removed from module cpu.
WARNING: [Synth 8-3332] Sequential element (REG_RESULT/out_reg[6]) is unused and will be removed from module cpu.
WARNING: [Synth 8-3332] Sequential element (REG_RESULT/out_reg[5]) is unused and will be removed from module cpu.
WARNING: [Synth 8-3332] Sequential element (REG_RESULT/out_reg[4]) is unused and will be removed from module cpu.
WARNING: [Synth 8-3332] Sequential element (REG_RESULT/out_reg[3]) is unused and will be removed from module cpu.
WARNING: [Synth 8-3332] Sequential element (REG_RESULT/out_reg[2]) is unused and will be removed from module cpu.
WARNING: [Synth 8-3332] Sequential element (REG_RESULT/out_reg[1]) is unused and will be removed from module cpu.
WARNING: [Synth 8-3332] Sequential element (REG_RESULT/out_reg[0]) is unused and will be removed from module cpu.
WARNING: [Synth 8-3332] Sequential element (REG_ACC/out_reg[7]) is unused and will be removed from module cpu.
WARNING: [Synth 8-3332] Sequential element (REG_ACC/out_reg[6]) is unused and will be removed from module cpu.
WARNING: [Synth 8-3332] Sequential element (REG_ACC/out_reg[5]) is unused and will be removed from module cpu.
WARNING: [Synth 8-3332] Sequential element (REG_ACC/out_reg[4]) is unused and will be removed from module cpu.
WARNING: [Synth 8-3332] Sequential element (REG_ACC/out_reg[3]) is unused and will be removed from module cpu.
WARNING: [Synth 8-3332] Sequential element (REG_ACC/out_reg[2]) is unused and will be removed from module cpu.
WARNING: [Synth 8-3332] Sequential element (REG_ACC/out_reg[1]) is unused and will be removed from module cpu.
WARNING: [Synth 8-3332] Sequential element (REG_ACC/out_reg[0]) is unused and will be removed from module cpu.
WARNING: [Synth 8-3332] Sequential element (REG_INS/out_reg[7]) is unused and will be removed from module cpu.
WARNING: [Synth 8-3332] Sequential element (REG_INS/out_reg[6]) is unused and will be removed from module cpu.
WARNING: [Synth 8-3332] Sequential element (REG_INS/out_reg[5]) is unused and will be removed from module cpu.
WARNING: [Synth 8-3332] Sequential element (REG_INS/out_reg[4]) is unused and will be removed from module cpu.
WARNING: [Synth 8-3332] Sequential element (REG_INS/out_reg[3]) is unused and will be removed from module cpu.
WARNING: [Synth 8-3332] Sequential element (REG_INS/out_reg[2]) is unused and will be removed from module cpu.
WARNING: [Synth 8-3332] Sequential element (REG_INS/out_reg[1]) is unused and will be removed from module cpu.
WARNING: [Synth 8-3332] Sequential element (REG_INS/out_reg[0]) is unused and will be removed from module cpu.
WARNING: [Synth 8-3332] Sequential element (CONTROLLER/is_jump_reg) is unused and will be removed from module cpu.
---------------------------------------------------------------------------------
Finished Cross Boundary and Area Optimization : Time (s): cpu = 00:00:03 ; elapsed = 00:00:09 . Memory (MB): peak = 739.508 ; gain = 501.324
---------------------------------------------------------------------------------

Report RTL Partitions: 
+-+--------------+------------+----------+
| |RTL Partition |Replication |Instances |
+-+--------------+------------+----------+
+-+--------------+------------+----------+
---------------------------------------------------------------------------------
Start Applying XDC Timing Constraints
---------------------------------------------------------------------------------
---------------------------------------------------------------------------------
Finished Applying XDC Timing Constraints : Time (s): cpu = 00:00:06 ; elapsed = 00:00:15 . Memory (MB): peak = 739.508 ; gain = 501.324
---------------------------------------------------------------------------------
---------------------------------------------------------------------------------
Start Timing Optimization
---------------------------------------------------------------------------------
---------------------------------------------------------------------------------
Finished Timing Optimization : Time (s): cpu = 00:00:06 ; elapsed = 00:00:15 . Memory (MB): peak = 739.508 ; gain = 501.324
---------------------------------------------------------------------------------

Report RTL Partitions: 
+-+--------------+------------+----------+
| |RTL Partition |Replication |Instances |
+-+--------------+------------+----------+
+-+--------------+------------+----------+
---------------------------------------------------------------------------------
Start Technology Mapping
---------------------------------------------------------------------------------
---------------------------------------------------------------------------------
Finished Technology Mapping : Time (s): cpu = 00:00:06 ; elapsed = 00:00:15 . Memory (MB): peak = 739.508 ; gain = 501.324
---------------------------------------------------------------------------------

Report RTL Partitions: 
+-+--------------+------------+----------+
| |RTL Partition |Replication |Instances |
+-+--------------+------------+----------+
+-+--------------+------------+----------+
---------------------------------------------------------------------------------
Start IO Insertion
---------------------------------------------------------------------------------
---------------------------------------------------------------------------------
Start Flattening Before IO Insertion
---------------------------------------------------------------------------------
---------------------------------------------------------------------------------
Finished Flattening Before IO Insertion
---------------------------------------------------------------------------------
---------------------------------------------------------------------------------
Start Final Netlist Cleanup
---------------------------------------------------------------------------------
---------------------------------------------------------------------------------
Finished Final Netlist Cleanup
---------------------------------------------------------------------------------
---------------------------------------------------------------------------------
Finished IO Insertion : Time (s): cpu = 00:00:06 ; elapsed = 00:00:16 . Memory (MB): peak = 739.508 ; gain = 501.324
---------------------------------------------------------------------------------

Report Check Netlist: 
+------+------------------+-------+---------+-------+------------------+
|      |Item              |Errors |Warnings |Status |Description       |
+------+------------------+-------+---------+-------+------------------+
|1     |multi_driven_nets |      0|        0|Passed |Multi driven nets |
+------+------------------+-------+---------+-------+------------------+
---------------------------------------------------------------------------------
Start Renaming Generated Instances
---------------------------------------------------------------------------------
---------------------------------------------------------------------------------
Finished Renaming Generated Instances : Time (s): cpu = 00:00:06 ; elapsed = 00:00:16 . Memory (MB): peak = 739.508 ; gain = 501.324
---------------------------------------------------------------------------------

Report RTL Partitions: 
+-+--------------+------------+----------+
| |RTL Partition |Replication |Instances |
+-+--------------+------------+----------+
+-+--------------+------------+----------+
---------------------------------------------------------------------------------
Start Rebuilding User Hierarchy
---------------------------------------------------------------------------------
---------------------------------------------------------------------------------
Finished Rebuilding User Hierarchy : Time (s): cpu = 00:00:06 ; elapsed = 00:00:16 . Memory (MB): peak = 739.508 ; gain = 501.324
---------------------------------------------------------------------------------
---------------------------------------------------------------------------------
Start Renaming Generated Ports
---------------------------------------------------------------------------------
---------------------------------------------------------------------------------
Finished Renaming Generated Ports : Time (s): cpu = 00:00:06 ; elapsed = 00:00:16 . Memory (MB): peak = 739.508 ; gain = 501.324
---------------------------------------------------------------------------------
---------------------------------------------------------------------------------
Start Handling Custom Attributes
---------------------------------------------------------------------------------
---------------------------------------------------------------------------------
Finished Handling Custom Attributes : Time (s): cpu = 00:00:06 ; elapsed = 00:00:16 . Memory (MB): peak = 739.508 ; gain = 501.324
---------------------------------------------------------------------------------
---------------------------------------------------------------------------------
Start Renaming Generated Nets
---------------------------------------------------------------------------------
---------------------------------------------------------------------------------
Finished Renaming Generated Nets : Time (s): cpu = 00:00:06 ; elapsed = 00:00:16 . Memory (MB): peak = 739.508 ; gain = 501.324
---------------------------------------------------------------------------------
---------------------------------------------------------------------------------
Start Writing Synthesis Report
---------------------------------------------------------------------------------

Report BlackBoxes: 
+-+--------------+----------+
| |BlackBox name |Instances |
+-+--------------+----------+
+-+--------------+----------+

Report Cell Usage: 
+-+-----+------+
| |Cell |Count |
+-+-----+------+
+-+-----+------+

Report Instance Areas: 
+------+---------+-------+------+
|      |Instance |Module |Cells |
+------+---------+-------+------+
|1     |top      |       |     0|
+------+---------+-------+------+
---------------------------------------------------------------------------------
Finished Writing Synthesis Report : Time (s): cpu = 00:00:06 ; elapsed = 00:00:16 . Memory (MB): peak = 739.508 ; gain = 501.324
---------------------------------------------------------------------------------
Synthesis finished with 0 errors, 0 critical warnings and 73 warnings.
Synthesis Optimization Runtime : Time (s): cpu = 00:00:04 ; elapsed = 00:00:10 . Memory (MB): peak = 739.508 ; gain = 145.152
Synthesis Optimization Complete : Time (s): cpu = 00:00:06 ; elapsed = 00:00:16 . Memory (MB): peak = 739.508 ; gain = 501.324
INFO: [Project 1-571] Translating synthesized netlist
INFO: [Project 1-570] Preparing netlist for logic optimization
INFO: [Opt 31-138] Pushed 0 inverter(s) to 0 load pin(s).
INFO: [Project 1-111] Unisim Transformation Summary:
No Unisim elements were transformed.

INFO: [Common 17-83] Releasing license: Synthesis
38 Infos, 95 Warnings, 0 Critical Warnings and 0 Errors encountered.
synth_design completed successfully
synth_design: Time (s): cpu = 00:00:06 ; elapsed = 00:00:18 . Memory (MB): peak = 758.949 ; gain = 534.047
WARNING: [Constraints 18-5210] No constraint will be written out.
INFO: [Common 17-1381] The checkpoint 'C:/Users/NAM/RISC/RISC.runs/synth_1/cpu.dcp' has been generated.
INFO: [runtcl-4] Executing : report_utilization -file cpu_utilization_synth.rpt -pb cpu_utilization_synth.pb
report_utilization: Time (s): cpu = 00:00:00 ; elapsed = 00:00:00.015 . Memory (MB): peak = 758.949 ; gain = 0.000
INFO: [Common 17-206] Exiting Vivado at Wed Dec  4 22:37:38 2024...
