#! /usr/bin/vvp
:ivl_version "11.0 (stable)";
:ivl_delay_selection "TYPICAL";
:vpi_time_precision - 12;
:vpi_module "/usr/lib/x86_64-linux-gnu/ivl/system.vpi";
:vpi_module "/usr/lib/x86_64-linux-gnu/ivl/vhdl_sys.vpi";
:vpi_module "/usr/lib/x86_64-linux-gnu/ivl/vhdl_textio.vpi";
:vpi_module "/usr/lib/x86_64-linux-gnu/ivl/v2005_math.vpi";
:vpi_module "/usr/lib/x86_64-linux-gnu/ivl/va_math.vpi";
S_0x561513b0cd40 .scope module, "ALU_tb" "ALU_tb" 2 3;
 .timescale -9 -12;
v0x561513b3c4c0_0 .var "inA", 7 0;
v0x561513b3c5a0_0 .var "inB", 7 0;
v0x561513b3c670_0 .net "is_zero", 0 0, v0x561513b3c140_0;  1 drivers
v0x561513b3c770_0 .var "opcode", 2 0;
v0x561513b3c840_0 .net "result", 7 0, v0x561513b3c2f0_0;  1 drivers
S_0x561513adecf0 .scope module, "uut" "ALU" 2 12, 3 1 0, S_0x561513b0cd40;
 .timescale -9 -12;
    .port_info 0 /INPUT 8 "inA";
    .port_info 1 /INPUT 8 "inB";
    .port_info 2 /INPUT 3 "opcode";
    .port_info 3 /OUTPUT 8 "result";
    .port_info 4 /OUTPUT 1 "is_zero";
P_0x561513b1c250 .param/l "ADD" 1 3 12, C4<010>;
P_0x561513b1c290 .param/l "AND_OP" 1 3 13, C4<011>;
P_0x561513b1c2d0 .param/l "HLT" 1 3 10, C4<000>;
P_0x561513b1c310 .param/l "JMP" 1 3 17, C4<111>;
P_0x561513b1c350 .param/l "LDA" 1 3 15, C4<101>;
P_0x561513b1c390 .param/l "SKZ" 1 3 11, C4<001>;
P_0x561513b1c3d0 .param/l "STO" 1 3 16, C4<110>;
P_0x561513b1c410 .param/l "XOR_OP" 1 3 14, C4<100>;
v0x561513b0ced0_0 .net "inA", 7 0, v0x561513b3c4c0_0;  1 drivers
v0x561513b3c060_0 .net "inB", 7 0, v0x561513b3c5a0_0;  1 drivers
v0x561513b3c140_0 .var "is_zero", 0 0;
v0x561513b3c210_0 .net "opcode", 2 0, v0x561513b3c770_0;  1 drivers
v0x561513b3c2f0_0 .var "result", 7 0;
E_0x561513b1fa80 .event edge, v0x561513b3c210_0, v0x561513b3c2f0_0, v0x561513b0ced0_0, v0x561513b3c060_0;
    .scope S_0x561513adecf0;
T_0 ;
    %wait E_0x561513b1fa80;
    %load/vec4 v0x561513b3c210_0;
    %dup/vec4;
    %pushi/vec4 0, 0, 3;
    %cmp/u;
    %jmp/1 T_0.0, 6;
    %dup/vec4;
    %pushi/vec4 1, 0, 3;
    %cmp/u;
    %jmp/1 T_0.1, 6;
    %dup/vec4;
    %pushi/vec4 2, 0, 3;
    %cmp/u;
    %jmp/1 T_0.2, 6;
    %dup/vec4;
    %pushi/vec4 3, 0, 3;
    %cmp/u;
    %jmp/1 T_0.3, 6;
    %dup/vec4;
    %pushi/vec4 4, 0, 3;
    %cmp/u;
    %jmp/1 T_0.4, 6;
    %dup/vec4;
    %pushi/vec4 5, 0, 3;
    %cmp/u;
    %jmp/1 T_0.5, 6;
    %dup/vec4;
    %pushi/vec4 6, 0, 3;
    %cmp/u;
    %jmp/1 T_0.6, 6;
    %dup/vec4;
    %pushi/vec4 7, 0, 3;
    %cmp/u;
    %jmp/1 T_0.7, 6;
    %pushi/vec4 0, 0, 8;
    %store/vec4 v0x561513b3c2f0_0, 0, 8;
    %jmp T_0.9;
T_0.0 ;
    %pushi/vec4 0, 0, 8;
    %store/vec4 v0x561513b3c2f0_0, 0, 8;
    %jmp T_0.9;
T_0.1 ;
    %load/vec4 v0x561513b3c2f0_0;
    %cmpi/e 0, 0, 8;
    %jmp/0xz  T_0.10, 4;
    %pushi/vec4 1, 0, 1;
    %store/vec4 v0x561513b3c140_0, 0, 1;
    %jmp T_0.11;
T_0.10 ;
    %pushi/vec4 0, 0, 1;
    %store/vec4 v0x561513b3c140_0, 0, 1;
T_0.11 ;
    %jmp T_0.9;
T_0.2 ;
    %load/vec4 v0x561513b0ced0_0;
    %load/vec4 v0x561513b3c060_0;
    %add;
    %store/vec4 v0x561513b3c2f0_0, 0, 8;
    %jmp T_0.9;
T_0.3 ;
    %load/vec4 v0x561513b0ced0_0;
    %load/vec4 v0x561513b3c060_0;
    %and;
    %store/vec4 v0x561513b3c2f0_0, 0, 8;
    %jmp T_0.9;
T_0.4 ;
    %load/vec4 v0x561513b0ced0_0;
    %load/vec4 v0x561513b3c060_0;
    %xor;
    %store/vec4 v0x561513b3c2f0_0, 0, 8;
    %jmp T_0.9;
T_0.5 ;
    %load/vec4 v0x561513b3c060_0;
    %store/vec4 v0x561513b3c2f0_0, 0, 8;
    %jmp T_0.9;
T_0.6 ;
    %load/vec4 v0x561513b0ced0_0;
    %store/vec4 v0x561513b3c2f0_0, 0, 8;
    %jmp T_0.9;
T_0.7 ;
    %load/vec4 v0x561513b0ced0_0;
    %store/vec4 v0x561513b3c2f0_0, 0, 8;
    %jmp T_0.9;
T_0.9 ;
    %pop/vec4 1;
    %load/vec4 v0x561513b3c2f0_0;
    %cmpi/e 0, 0, 8;
    %flag_mov 8, 4;
    %jmp/0 T_0.12, 8;
    %pushi/vec4 1, 0, 1;
    %jmp/1 T_0.13, 8;
T_0.12 ; End of true expr.
    %pushi/vec4 0, 0, 1;
    %jmp/0 T_0.13, 8;
 ; End of false expr.
    %blend;
T_0.13;
    %store/vec4 v0x561513b3c140_0, 0, 1;
    %jmp T_0;
    .thread T_0, $push;
    .scope S_0x561513b0cd40;
T_1 ;
    %vpi_call 2 23 "$dumpfile", "alu_tb.vcd" {0 0 0};
    %vpi_call 2 24 "$dumpvars", 32'sb00000000000000000000000000000000, S_0x561513b0cd40 {0 0 0};
    %pushi/vec4 0, 0, 3;
    %store/vec4 v0x561513b3c770_0, 0, 3;
    %pushi/vec4 0, 0, 8;
    %store/vec4 v0x561513b3c4c0_0, 0, 8;
    %pushi/vec4 0, 0, 8;
    %store/vec4 v0x561513b3c5a0_0, 0, 8;
    %delay 10000, 0;
    %vpi_call 2 31 "$display", "Test HLT - Result: %b, is_zero: %b", v0x561513b3c840_0, v0x561513b3c670_0 {0 0 0};
    %pushi/vec4 1, 0, 3;
    %store/vec4 v0x561513b3c770_0, 0, 3;
    %pushi/vec4 0, 0, 8;
    %store/vec4 v0x561513b3c4c0_0, 0, 8;
    %pushi/vec4 0, 0, 8;
    %store/vec4 v0x561513b3c5a0_0, 0, 8;
    %delay 10000, 0;
    %vpi_call 2 38 "$display", "Test SKZ (result = 0) - is_zero: %b", v0x561513b3c670_0 {0 0 0};
    %pushi/vec4 1, 0, 3;
    %store/vec4 v0x561513b3c770_0, 0, 3;
    %pushi/vec4 1, 0, 8;
    %store/vec4 v0x561513b3c4c0_0, 0, 8;
    %pushi/vec4 1, 0, 8;
    %store/vec4 v0x561513b3c5a0_0, 0, 8;
    %delay 10000, 0;
    %vpi_call 2 45 "$display", "Test SKZ (result != 0) - is_zero: %b", v0x561513b3c670_0 {0 0 0};
    %pushi/vec4 2, 0, 3;
    %store/vec4 v0x561513b3c770_0, 0, 3;
    %pushi/vec4 5, 0, 8;
    %store/vec4 v0x561513b3c4c0_0, 0, 8;
    %pushi/vec4 10, 0, 8;
    %store/vec4 v0x561513b3c5a0_0, 0, 8;
    %delay 10000, 0;
    %vpi_call 2 52 "$display", "Test ADD - Result: %d, is_zero: %b", v0x561513b3c840_0, v0x561513b3c670_0 {0 0 0};
    %pushi/vec4 3, 0, 3;
    %store/vec4 v0x561513b3c770_0, 0, 3;
    %pushi/vec4 5, 0, 8;
    %store/vec4 v0x561513b3c4c0_0, 0, 8;
    %pushi/vec4 3, 0, 8;
    %store/vec4 v0x561513b3c5a0_0, 0, 8;
    %delay 10000, 0;
    %vpi_call 2 59 "$display", "Test AND - Result: %b, is_zero: %b", v0x561513b3c840_0, v0x561513b3c670_0 {0 0 0};
    %pushi/vec4 4, 0, 3;
    %store/vec4 v0x561513b3c770_0, 0, 3;
    %pushi/vec4 5, 0, 8;
    %store/vec4 v0x561513b3c4c0_0, 0, 8;
    %pushi/vec4 3, 0, 8;
    %store/vec4 v0x561513b3c5a0_0, 0, 8;
    %delay 10000, 0;
    %vpi_call 2 66 "$display", "Test XOR - Result: %b, is_zero: %b", v0x561513b3c840_0, v0x561513b3c670_0 {0 0 0};
    %pushi/vec4 5, 0, 3;
    %store/vec4 v0x561513b3c770_0, 0, 3;
    %pushi/vec4 0, 0, 8;
    %store/vec4 v0x561513b3c4c0_0, 0, 8;
    %pushi/vec4 15, 0, 8;
    %store/vec4 v0x561513b3c5a0_0, 0, 8;
    %delay 10000, 0;
    %vpi_call 2 73 "$display", "Test LDA - Result: %d, is_zero: %b", v0x561513b3c840_0, v0x561513b3c670_0 {0 0 0};
    %pushi/vec4 6, 0, 3;
    %store/vec4 v0x561513b3c770_0, 0, 3;
    %pushi/vec4 20, 0, 8;
    %store/vec4 v0x561513b3c4c0_0, 0, 8;
    %pushi/vec4 0, 0, 8;
    %store/vec4 v0x561513b3c5a0_0, 0, 8;
    %delay 10000, 0;
    %vpi_call 2 80 "$display", "Test STO - Result: %d, is_zero: %b", v0x561513b3c840_0, v0x561513b3c670_0 {0 0 0};
    %pushi/vec4 7, 0, 3;
    %store/vec4 v0x561513b3c770_0, 0, 3;
    %pushi/vec4 25, 0, 8;
    %store/vec4 v0x561513b3c4c0_0, 0, 8;
    %pushi/vec4 0, 0, 8;
    %store/vec4 v0x561513b3c5a0_0, 0, 8;
    %delay 10000, 0;
    %vpi_call 2 87 "$display", "Test JMP - Result: %d, is_zero: %b", v0x561513b3c840_0, v0x561513b3c670_0 {0 0 0};
    %pushi/vec4 2, 0, 3;
    %store/vec4 v0x561513b3c770_0, 0, 3;
    %pushi/vec4 1, 0, 8;
    %store/vec4 v0x561513b3c4c0_0, 0, 8;
    %pushi/vec4 255, 0, 8;
    %store/vec4 v0x561513b3c5a0_0, 0, 8;
    %delay 10000, 0;
    %vpi_call 2 94 "$display", "Test ADD (result = 0) - Result: %d, is_zero: %b", v0x561513b3c840_0, v0x561513b3c670_0 {0 0 0};
    %vpi_call 2 96 "$stop" {0 0 0};
    %end;
    .thread T_1;
# The file index is used to find the file name in the following table.
:file_names 4;
    "N/A";
    "<interactive>";
    "ALU_tb.v";
    "ALU.v";
